INFO	[2023-04-24 13:35:50:607] <811882> START INIPHP repay (NV5053-20190404)(OS:Linux5.4.0-107-generic,PHP:7.4.33)
DEBUG	[2023-04-24 13:35:50:607] <811882> inipayhome:/home/sleepfriend/public_html/shop/inicis
DEBUG	[2023-04-24 13:35:50:607] <811882> debug:false
DEBUG	[2023-04-24 13:35:50:607] <811882> encMethod:openssl
DEBUG	[2023-04-24 13:35:50:607] <811882> type:repay
DEBUG	[2023-04-24 13:35:50:607] <811882> pgid:INIphpRPAY
DEBUG	[2023-04-24 13:35:50:607] <811882> subpgip:203.238.3.10
DEBUG	[2023-04-24 13:35:50:607] <811882> mid:SIRslfrnd1
DEBUG	[2023-04-24 13:35:50:607] <811882> admin:1111
DEBUG	[2023-04-24 13:35:50:607] <811882> oldtid:INIMX_CARDSIRslfrnd120230408171407905861
DEBUG	[2023-04-24 13:35:50:607] <811882> currency:WON
DEBUG	[2023-04-24 13:35:50:607] <811882> price:138000
DEBUG	[2023-04-24 13:35:50:607] <811882> confirm_price:0
DEBUG	[2023-04-24 13:35:50:607] <811882> buyeremail:aejung307@naver.com
DEBUG	[2023-04-24 13:35:50:607] <811882> tax:12545
DEBUG	[2023-04-24 13:35:50:607] <811882> taxfree:0
INFO	[2023-04-24 13:35:50:607] <811882> Check Field OK
INFO	[2023-04-24 13:35:50:607] <811882> Make TID OK INIphpRPAYSIRslfrnd120230424133550072776
INFO	[2023-04-24 13:35:50:607] <811882> PI PUB KEY LOAD OK []
INFO	[2023-04-24 13:35:50:609] <811882> PG PUB KEY LOAD OK [30]
ERROR	[2023-04-24 13:35:50:610] <811882> 상점개인키 로드오류
INFO	[2023-04-24 13:35:50:618] <811882> END repay [TX9301|상점개인키 로드오류] Laptime:[0.012sec]
INFO	[2023-04-24 13:35:50:618] <811882> ===============================================================
INFO	[2023-04-24 13:37:38:136] <812085> START INIPHP repay (NV5053-20190404)(OS:Linux5.4.0-107-generic,PHP:7.4.33)
DEBUG	[2023-04-24 13:37:38:136] <812085> inipayhome:/home/sleepfriend/public_html/shop/inicis
DEBUG	[2023-04-24 13:37:38:136] <812085> debug:false
DEBUG	[2023-04-24 13:37:38:136] <812085> encMethod:openssl
DEBUG	[2023-04-24 13:37:38:136] <812085> type:repay
DEBUG	[2023-04-24 13:37:38:136] <812085> pgid:INIphpRPAY
DEBUG	[2023-04-24 13:37:38:136] <812085> subpgip:203.238.3.10
DEBUG	[2023-04-24 13:37:38:136] <812085> mid:SIRslfrnd1
DEBUG	[2023-04-24 13:37:38:136] <812085> admin:1111
DEBUG	[2023-04-24 13:37:38:136] <812085> oldtid:INIMX_CARDSIRslfrnd120230408171407905861
DEBUG	[2023-04-24 13:37:38:136] <812085> currency:WON
DEBUG	[2023-04-24 13:37:38:136] <812085> price:138000
DEBUG	[2023-04-24 13:37:38:136] <812085> confirm_price:0
DEBUG	[2023-04-24 13:37:38:136] <812085> buyeremail:aejung307@naver.com
DEBUG	[2023-04-24 13:37:38:136] <812085> tax:12545
DEBUG	[2023-04-24 13:37:38:136] <812085> taxfree:0
INFO	[2023-04-24 13:37:38:136] <812085> Check Field OK
INFO	[2023-04-24 13:37:38:136] <812085> Make TID OK INIphpRPAYSIRslfrnd120230424133738362164
INFO	[2023-04-24 13:37:38:136] <812085> PI PUB KEY LOAD OK []
INFO	[2023-04-24 13:37:38:137] <812085> PG PUB KEY LOAD OK [30]
ERROR	[2023-04-24 13:37:38:137] <812085> 상점개인키 로드오류
INFO	[2023-04-24 13:37:38:138] <812085> END repay [TX9301|상점개인키 로드오류] Laptime:[0.002sec]
INFO	[2023-04-24 13:37:38:138] <812085> ===============================================================
INFO	[2023-04-24 13:39:37:941] <812244> START INIPHP repay (NV5053-20190404)(OS:Linux5.4.0-107-generic,PHP:7.4.33)
DEBUG	[2023-04-24 13:39:37:941] <812244> inipayhome:/home/sleepfriend/public_html/shop/inicis
DEBUG	[2023-04-24 13:39:37:941] <812244> debug:false
DEBUG	[2023-04-24 13:39:37:941] <812244> encMethod:openssl
DEBUG	[2023-04-24 13:39:37:941] <812244> type:repay
DEBUG	[2023-04-24 13:39:37:941] <812244> pgid:INIphpRPAY
DEBUG	[2023-04-24 13:39:37:941] <812244> subpgip:203.238.3.10
DEBUG	[2023-04-24 13:39:37:941] <812244> mid:SIRslfrnd1
DEBUG	[2023-04-24 13:39:37:941] <812244> admin:1111
DEBUG	[2023-04-24 13:39:37:941] <812244> oldtid:INIMX_CARDSIRslfrnd120230408171407905861
DEBUG	[2023-04-24 13:39:37:941] <812244> currency:WON
DEBUG	[2023-04-24 13:39:37:941] <812244> price:138000
DEBUG	[2023-04-24 13:39:37:941] <812244> confirm_price:0
DEBUG	[2023-04-24 13:39:37:941] <812244> buyeremail:aejung307@naver.com
DEBUG	[2023-04-24 13:39:37:941] <812244> tax:0
DEBUG	[2023-04-24 13:39:37:941] <812244> taxfree:138000
INFO	[2023-04-24 13:39:37:941] <812244> Check Field OK
INFO	[2023-04-24 13:39:37:941] <812244> Make TID OK INIphpRPAYSIRslfrnd120230424133937418424
INFO	[2023-04-24 13:39:37:941] <812244> PI PUB KEY LOAD OK []
INFO	[2023-04-24 13:39:37:941] <812244> PG PUB KEY LOAD OK [30]
ERROR	[2023-04-24 13:39:37:941] <812244> 상점개인키 로드오류
INFO	[2023-04-24 13:39:37:943] <812244> END repay [TX9301|상점개인키 로드오류] Laptime:[0.002sec]
INFO	[2023-04-24 13:39:37:943] <812244> ===============================================================
INFO	[2023-04-24 13:46:11:1] <812835> START INIPHP repay (NV5053-20190404)(OS:Linux5.4.0-107-generic,PHP:7.4.33)
DEBUG	[2023-04-24 13:46:11:1] <812835> inipayhome:/home/sleepfriend/public_html/shop/inicis
DEBUG	[2023-04-24 13:46:11:1] <812835> debug:false
DEBUG	[2023-04-24 13:46:11:1] <812835> encMethod:openssl
DEBUG	[2023-04-24 13:46:11:1] <812835> type:repay
DEBUG	[2023-04-24 13:46:11:1] <812835> pgid:INIphpRPAY
DEBUG	[2023-04-24 13:46:11:1] <812835> subpgip:203.238.3.10
DEBUG	[2023-04-24 13:46:11:1] <812835> mid:SIRslfrnd1
DEBUG	[2023-04-24 13:46:11:1] <812835> admin:1111
DEBUG	[2023-04-24 13:46:11:1] <812835> oldtid:INIMX_CARDSIRslfrnd120230408171407905861
DEBUG	[2023-04-24 13:46:11:1] <812835> currency:WON
DEBUG	[2023-04-24 13:46:11:1] <812835> price:138000
DEBUG	[2023-04-24 13:46:11:1] <812835> confirm_price:0
DEBUG	[2023-04-24 13:46:11:1] <812835> buyeremail:aejung307@naver.com
DEBUG	[2023-04-24 13:46:11:1] <812835> tax:12545
DEBUG	[2023-04-24 13:46:11:1] <812835> taxfree:0
INFO	[2023-04-24 13:46:11:1] <812835> Check Field OK
INFO	[2023-04-24 13:46:11:1] <812835> Make TID OK INIphpRPAYSIRslfrnd120230424134611012801
INFO	[2023-04-24 13:46:11:1] <812835> PI PUB KEY LOAD OK []
INFO	[2023-04-24 13:46:11:1] <812835> PG PUB KEY LOAD OK [30]
ERROR	[2023-04-24 13:46:11:2] <812835> 상점개인키 로드오류
INFO	[2023-04-24 13:46:11:3] <812835> END repay [TX9301|상점개인키 로드오류] Laptime:[0.002sec]
INFO	[2023-04-24 13:46:11:3] <812835> ===============================================================
