INFO	[2023-04-24 13:39:55:977] <812244> START INIPHP cancel (NV5053-20190404)(OS:Linux5.4.0-107-generic,PHP:7.4.33)
DEBUG	[2023-04-24 13:39:55:977] <812244> inipayhome:/home/sleepfriend/public_html/shop/inicis
DEBUG	[2023-04-24 13:39:55:977] <812244> debug:false
DEBUG	[2023-04-24 13:39:55:977] <812244> encMethod:openssl
DEBUG	[2023-04-24 13:39:55:977] <812244> type:cancel
DEBUG	[2023-04-24 13:39:55:977] <812244> mid:SIRslfrnd1
DEBUG	[2023-04-24 13:39:55:977] <812244> admin:1111
DEBUG	[2023-04-24 13:39:55:977] <812244> tid:INIMX_CARDSIRslfrnd120230408171407905861
DEBUG	[2023-04-24 13:39:55:977] <812244> cancelmsg:ºÓ«Œ∏Ù øÓøµ¿⁄ Ω¬¿Œ √Îº“
INFO	[2023-04-24 13:39:55:977] <812244> Check Field OK
INFO	[2023-04-24 13:39:55:977] <812244> INPUT TID > INIMX_CARDSIRslfrnd120230408171407905861
INFO	[2023-04-24 13:39:55:977] <812244> PI PUB KEY LOAD OK []
INFO	[2023-04-24 13:39:55:977] <812244> PG PUB KEY LOAD OK [30]
ERROR	[2023-04-24 13:39:55:977] <812244> ÏÉÅÏ†êÍ∞úÏù∏ÌÇ§ Î°úÎìúÏò§Î•ò
INFO	[2023-04-24 13:39:55:979] <812244> END cancel [TX9301|ÏÉÅÏ†êÍ∞úÏù∏ÌÇ§ Î°úÎìúÏò§Î•ò] Laptime:[0.002sec]
INFO	[2023-04-24 13:39:55:979] <812244> ===============================================================
INFO	[2023-04-24 13:46:01:360] <812835> START INIPHP cancel (NV5053-20190404)(OS:Linux5.4.0-107-generic,PHP:7.4.33)
DEBUG	[2023-04-24 13:46:01:360] <812835> inipayhome:/home/sleepfriend/public_html/shop/inicis
DEBUG	[2023-04-24 13:46:01:360] <812835> debug:false
DEBUG	[2023-04-24 13:46:01:360] <812835> encMethod:openssl
DEBUG	[2023-04-24 13:46:01:360] <812835> type:cancel
DEBUG	[2023-04-24 13:46:01:360] <812835> mid:SIRslfrnd1
DEBUG	[2023-04-24 13:46:01:360] <812835> admin:1111
DEBUG	[2023-04-24 13:46:01:360] <812835> tid:INIMX_CARDSIRslfrnd120230408171407905861
DEBUG	[2023-04-24 13:46:01:360] <812835> cancelmsg:ºÓ«Œ∏Ù øÓøµ¿⁄ Ω¬¿Œ √Îº“
INFO	[2023-04-24 13:46:01:360] <812835> Check Field OK
INFO	[2023-04-24 13:46:01:360] <812835> INPUT TID > INIMX_CARDSIRslfrnd120230408171407905861
INFO	[2023-04-24 13:46:01:360] <812835> PI PUB KEY LOAD OK []
INFO	[2023-04-24 13:46:01:361] <812835> PG PUB KEY LOAD OK [30]
ERROR	[2023-04-24 13:46:01:361] <812835> ÏÉÅÏ†êÍ∞úÏù∏ÌÇ§ Î°úÎìúÏò§Î•ò
INFO	[2023-04-24 13:46:01:362] <812835> END cancel [TX9301|ÏÉÅÏ†êÍ∞úÏù∏ÌÇ§ Î°úÎìúÏò§Î•ò] Laptime:[0.002sec]
INFO	[2023-04-24 13:46:01:362] <812835> ===============================================================
INFO	[2023-04-24 13:59:36:812] <814231> START INIPHP cancel (NV5053-20190404)(OS:Linux5.4.0-107-generic,PHP:7.4.33)
DEBUG	[2023-04-24 13:59:36:812] <814231> inipayhome:/home/sleepfriend/public_html/shop/inicis
DEBUG	[2023-04-24 13:59:36:812] <814231> debug:false
DEBUG	[2023-04-24 13:59:36:812] <814231> encMethod:openssl
DEBUG	[2023-04-24 13:59:36:812] <814231> type:cancel
DEBUG	[2023-04-24 13:59:36:812] <814231> mid:SIRslfrnd1
DEBUG	[2023-04-24 13:59:36:812] <814231> admin:1111
DEBUG	[2023-04-24 13:59:36:812] <814231> tid:StdpayCARDSIRslfrnd120230424135918469953
DEBUG	[2023-04-24 13:59:36:812] <814231> cancelmsg:ºÓ«Œ∏Ù øÓøµ¿⁄ Ω¬¿Œ √Îº“
INFO	[2023-04-24 13:59:36:812] <814231> Check Field OK
INFO	[2023-04-24 13:59:36:812] <814231> INPUT TID > StdpayCARDSIRslfrnd120230424135918469953
INFO	[2023-04-24 13:59:36:812] <814231> PI PUB KEY LOAD OK []
INFO	[2023-04-24 13:59:36:812] <814231> PG PUB KEY LOAD OK [30]
ERROR	[2023-04-24 13:59:36:812] <814231> ÏÉÅÏ†êÍ∞úÏù∏ÌÇ§ Î°úÎìúÏò§Î•ò
INFO	[2023-04-24 13:59:36:814] <814231> END cancel [TX9301|ÏÉÅÏ†êÍ∞úÏù∏ÌÇ§ Î°úÎìúÏò§Î•ò] Laptime:[0.002sec]
INFO	[2023-04-24 13:59:36:814] <814231> ===============================================================
